Determining if the function sgemm_ exists failed with the following output:
Change Dir: /home/jwl16/Desktop/hpc-exercises/Coursework/cmake-build-debug/CMakeFiles/CMakeTmp

Run Build Command:"/usr/bin/make" "cmTC_0484b/fast"
make[1]: Entering directory '/home/jwl16/Desktop/hpc-exercises/Coursework/cmake-build-debug/CMakeFiles/CMakeTmp'
/usr/bin/make -f CMakeFiles/cmTC_0484b.dir/build.make CMakeFiles/cmTC_0484b.dir/build
make[2]: Entering directory '/home/jwl16/Desktop/hpc-exercises/Coursework/cmake-build-debug/CMakeFiles/CMakeTmp'
Building C object CMakeFiles/cmTC_0484b.dir/CheckFunctionExists.c.o
/usr/bin/cc   -DCHECK_FUNCTION_EXISTS=sgemm_   -o CMakeFiles/cmTC_0484b.dir/CheckFunctionExists.c.o   -c /home/jwl16/Downloads/clion-2018.3.4/bin/cmake/linux/share/cmake-3.13/Modules/CheckFunctionExists.c
Linking C executable cmTC_0484b
/home/jwl16/Downloads/clion-2018.3.4/bin/cmake/linux/bin/cmake -E cmake_link_script CMakeFiles/cmTC_0484b.dir/link.txt --verbose=1
/usr/bin/cc  -DCHECK_FUNCTION_EXISTS=sgemm_    CMakeFiles/cmTC_0484b.dir/CheckFunctionExists.c.o  -o cmTC_0484b 
CMakeFiles/cmTC_0484b.dir/CheckFunctionExists.c.o: In function `main':
CheckFunctionExists.c:(.text+0x10): undefined reference to `sgemm_'
collect2: error: ld returned 1 exit status
CMakeFiles/cmTC_0484b.dir/build.make:86: recipe for target 'cmTC_0484b' failed
make[2]: *** [cmTC_0484b] Error 1
make[2]: Leaving directory '/home/jwl16/Desktop/hpc-exercises/Coursework/cmake-build-debug/CMakeFiles/CMakeTmp'
Makefile:121: recipe for target 'cmTC_0484b/fast' failed
make[1]: *** [cmTC_0484b/fast] Error 2
make[1]: Leaving directory '/home/jwl16/Desktop/hpc-exercises/Coursework/cmake-build-debug/CMakeFiles/CMakeTmp'


Determining if the pthread_create exist failed with the following output:
Change Dir: /home/jwl16/Desktop/hpc-exercises/Coursework/cmake-build-debug/CMakeFiles/CMakeTmp

Run Build Command:"/usr/bin/make" "cmTC_496ee/fast"
make[1]: Entering directory '/home/jwl16/Desktop/hpc-exercises/Coursework/cmake-build-debug/CMakeFiles/CMakeTmp'
/usr/bin/make -f CMakeFiles/cmTC_496ee.dir/build.make CMakeFiles/cmTC_496ee.dir/build
make[2]: Entering directory '/home/jwl16/Desktop/hpc-exercises/Coursework/cmake-build-debug/CMakeFiles/CMakeTmp'
Building C object CMakeFiles/cmTC_496ee.dir/CheckSymbolExists.c.o
/usr/bin/cc    -o CMakeFiles/cmTC_496ee.dir/CheckSymbolExists.c.o   -c /home/jwl16/Desktop/hpc-exercises/Coursework/cmake-build-debug/CMakeFiles/CMakeTmp/CheckSymbolExists.c
Linking C executable cmTC_496ee
/home/jwl16/Downloads/clion-2018.3.4/bin/cmake/linux/bin/cmake -E cmake_link_script CMakeFiles/cmTC_496ee.dir/link.txt --verbose=1
/usr/bin/cc      CMakeFiles/cmTC_496ee.dir/CheckSymbolExists.c.o  -o cmTC_496ee 
CMakeFiles/cmTC_496ee.dir/CheckSymbolExists.c.o: In function `main':
CheckSymbolExists.c:(.text+0x1b): undefined reference to `pthread_create'
collect2: error: ld returned 1 exit status
CMakeFiles/cmTC_496ee.dir/build.make:86: recipe for target 'cmTC_496ee' failed
make[2]: *** [cmTC_496ee] Error 1
make[2]: Leaving directory '/home/jwl16/Desktop/hpc-exercises/Coursework/cmake-build-debug/CMakeFiles/CMakeTmp'
Makefile:121: recipe for target 'cmTC_496ee/fast' failed
make[1]: *** [cmTC_496ee/fast] Error 2
make[1]: Leaving directory '/home/jwl16/Desktop/hpc-exercises/Coursework/cmake-build-debug/CMakeFiles/CMakeTmp'

File /home/jwl16/Desktop/hpc-exercises/Coursework/cmake-build-debug/CMakeFiles/CMakeTmp/CheckSymbolExists.c:
/* */
#include <pthread.h>

int main(int argc, char** argv)
{
  (void)argv;
#ifndef pthread_create
  return ((int*)(&pthread_create))[argc];
#else
  (void)argc;
  return 0;
#endif
}

Determining if the function pthread_create exists in the pthreads failed with the following output:
Change Dir: /home/jwl16/Desktop/hpc-exercises/Coursework/cmake-build-debug/CMakeFiles/CMakeTmp

Run Build Command:"/usr/bin/make" "cmTC_96fe6/fast"
make[1]: Entering directory '/home/jwl16/Desktop/hpc-exercises/Coursework/cmake-build-debug/CMakeFiles/CMakeTmp'
/usr/bin/make -f CMakeFiles/cmTC_96fe6.dir/build.make CMakeFiles/cmTC_96fe6.dir/build
make[2]: Entering directory '/home/jwl16/Desktop/hpc-exercises/Coursework/cmake-build-debug/CMakeFiles/CMakeTmp'
Building C object CMakeFiles/cmTC_96fe6.dir/CheckFunctionExists.c.o
/usr/bin/cc   -DCHECK_FUNCTION_EXISTS=pthread_create   -o CMakeFiles/cmTC_96fe6.dir/CheckFunctionExists.c.o   -c /home/jwl16/Downloads/clion-2018.3.4/bin/cmake/linux/share/cmake-3.13/Modules/CheckFunctionExists.c
Linking C executable cmTC_96fe6
/home/jwl16/Downloads/clion-2018.3.4/bin/cmake/linux/bin/cmake -E cmake_link_script CMakeFiles/cmTC_96fe6.dir/link.txt --verbose=1
/usr/bin/cc  -DCHECK_FUNCTION_EXISTS=pthread_create    CMakeFiles/cmTC_96fe6.dir/CheckFunctionExists.c.o  -o cmTC_96fe6 -lpthreads 
/usr/bin/ld: cannot find -lpthreads
collect2: error: ld returned 1 exit status
CMakeFiles/cmTC_96fe6.dir/build.make:86: recipe for target 'cmTC_96fe6' failed
make[2]: *** [cmTC_96fe6] Error 1
make[2]: Leaving directory '/home/jwl16/Desktop/hpc-exercises/Coursework/cmake-build-debug/CMakeFiles/CMakeTmp'
Makefile:121: recipe for target 'cmTC_96fe6/fast' failed
make[1]: *** [cmTC_96fe6/fast] Error 2
make[1]: Leaving directory '/home/jwl16/Desktop/hpc-exercises/Coursework/cmake-build-debug/CMakeFiles/CMakeTmp'


